<?xml version="1.0" encoding="UTF-8"?>
<!-- Generated by org.testng.reporters.JUnitReportReporter -->
<testsuite skipped="0" hostname="WINDOWS10" name="com.org.TestPages.InputFormsTest" tests="2" failures="0" timestamp="27 Jul 2021 13:30:30 GMT" time="27.596" errors="0">
  <testcase name="checkboxTest" time="13.290" classname="com.org.TestPages.InputFormsTest"/>
  <testcase name="selectdropdownTest" time="14.306" classname="com.org.TestPages.InputFormsTest"/>
</testsuite> <!-- com.org.TestPages.InputFormsTest -->
