<?xml version="1.0" encoding="UTF-8"?>
<!-- Generated by org.testng.reporters.JUnitReportReporter -->
<testsuite hostname="DESKTOP-I3BCL79" failures="0" tests="1" name="com.org.TestPages.InputFormsTest" time="60.938" errors="0" timestamp="2021-07-29T14:00:16 IST" skipped="0">
  <testcase classname="com.org.TestPages.InputFormsTest" name="ajaxFormSubmitTest" time="60.938"/>
  <system-out/>
</testsuite> <!-- com.org.TestPages.InputFormsTest -->
