<?xml version="1.0" encoding="UTF-8"?>
<!-- Generated by org.testng.reporters.JUnitReportReporter -->
<testsuite hostname="DESKTOP-I3BCL79" failures="0" tests="1" name="com.org.TestPages.InputFormsTest" time="20.339" errors="0" timestamp="2021-07-28T18:15:25 IST" skipped="0">
  <testcase classname="com.org.TestPages.InputFormsTest" name="getTotalTest" time="20.339"/>
  <system-out/>
</testsuite> <!-- com.org.TestPages.InputFormsTest -->
