<?xml version="1.0" encoding="UTF-8"?>
<!-- Generated by org.testng.reporters.JUnitReportReporter -->
<testsuite hostname="DESKTOP-I3BCL79" failures="0" tests="3" name="com.org.TestPages.InputFormsTest" time="72.804" errors="0" timestamp="2021-07-28T19:01:22 IST" skipped="0">
  <testcase classname="com.org.TestPages.InputFormsTest" name="getTotalTest" time="36.147"/>
  <system-out/>
  <testcase classname="com.org.TestPages.InputFormsTest" name="checkboxTest" time="19.962"/>
  <system-out/>
  <testcase classname="com.org.TestPages.InputFormsTest" name="selectdropdownTest" time="16.695"/>
  <system-out/>
</testsuite> <!-- com.org.TestPages.InputFormsTest -->
